#
# There is insufficient memory for the Java Runtime Environment to continue.
# Native memory allocation (malloc) failed to allocate 201856 bytes for Chunk::new
# Possible reasons:
#   The system is out of physical RAM or swap space
#   In 32 bit mode, the process size limit was hit
# Possible solutions:
#   Reduce memory load on the system
#   Increase physical memory or swap space
#   Check if swap backing store is full
#   Use 64 bit Java on a 64 bit OS
#   Decrease Java heap size (-Xmx/-Xms)
#   Decrease number of Java threads
#   Decrease Java thread stack sizes (-Xss)
#   Set larger code cache with -XX:ReservedCodeCacheSize=
# This output file may be truncated or incomplete.
#
#  Out of Memory Error (allocation.cpp:390), pid=6512, tid=0x0000000000001d04
#
# JRE version: Java(TM) SE Runtime Environment (8.0_144-b01) (build 1.8.0_144-b01)
# Java VM: Java HotSpot(TM) 64-Bit Server VM (25.144-b01 mixed mode windows-amd64 compressed oops)
# Failed to write core dump. Minidumps are not enabled by default on client versions of Windows
#

---------------  T H R E A D  ---------------

Current thread (0x00000000176ae800):  JavaThread "C2 CompilerThread0" daemon [_thread_in_native, id=7428, stack(0x0000000018d20000,0x0000000018e20000)]

Stack: [0x0000000018d20000,0x0000000018e20000]
[error occurred during error reporting (printing stack bounds), id 0xc0000005]

Native frames: (J=compiled Java code, j=interpreted, Vv=VM code, C=native code)


Current CompileTask:
C2:    587  266  s!   4       sun.misc.URLClassPath::getLoader (243 bytes)


---------------  P R O C E S S  ---------------

Java Threads: ( => current thread )
  0x00000000191a3000 JavaThread "ReaderThread" [_thread_in_native, id=2036, stack(0x0000000019620000,0x0000000019720000)]
  0x000000001770d800 JavaThread "Service Thread" daemon [_thread_blocked, id=6596, stack(0x0000000019420000,0x0000000019520000)]
  0x00000000176b7000 JavaThread "C1 CompilerThread2" daemon [_thread_blocked, id=5768, stack(0x0000000018f20000,0x0000000019020000)]
  0x00000000176b3000 JavaThread "C2 CompilerThread1" daemon [_thread_in_native, id=8872, stack(0x0000000018e20000,0x0000000018f20000)]
=>0x00000000176ae800 JavaThread "C2 CompilerThread0" daemon [_thread_in_native, id=7428, stack(0x0000000018d20000,0x0000000018e20000)]
  0x00000000176ac800 JavaThread "Attach Listener" daemon [_thread_blocked, id=10852, stack(0x0000000018c20000,0x0000000018d20000)]
  0x00000000176ab800 JavaThread "Signal Dispatcher" daemon [_thread_blocked, id=10680, stack(0x0000000018b20000,0x0000000018c20000)]
  0x0000000017698800 JavaThread "Finalizer" daemon [_thread_blocked, id=6520, stack(0x0000000018910000,0x0000000018a10000)]
  0x0000000002a93000 JavaThread "Reference Handler" daemon [_thread_blocked, id=888, stack(0x0000000018810000,0x0000000018910000)]
  0x00000000029a2800 JavaThread "main" [_thread_in_native, id=7120, stack(0x00000000010b0000,0x00000000011b0000)]

Other Threads:
  0x0000000017677000 VMThread [stack: 0x0000000018710000,0x0000000018810000] [id=7636]
  0x000000001770e800 WatcherThread [stack: 0x0000000019520000,0x0000000019620000] [id=3028]

VM state:not at safepoint (normal execution)

VM Mutex/Monitor currently owned by a thread: None

Heap:
 PSYoungGen      total 38400K, used 6656K [0x00000000d5e00000, 0x00000000d8880000, 0x0000000100000000)
  eden space 33280K, 20% used [0x00000000d5e00000,0x00000000d6480030,0x00000000d7e80000)
  from space 5120K, 0% used [0x00000000d8380000,0x00000000d8380000,0x00000000d8880000)
  to   space 5120K, 0% used [0x00000000d7e80000,0x00000000d7e80000,0x00000000d8380000)
 ParOldGen       total 87552K, used 0K [0x0000000081a00000, 0x0000000086f80000, 0x00000000d5e00000)
  object space 87552K, 0% used [0x0000000081a00000,0x0000000081a00000,0x0000000086f80000)
 Metaspace       used 5061K, capacity 5190K, committed 5376K, reserved 1056768K
  class space    used 593K, capacity 629K, committed 768K, reserved 1048576K

Card table byte_map: [0x0000000011f30000,0x0000000012330000] byte_map_base: 0x0000000011b23000

Marking Bits: (ParMarkBitMap*) 0x000000006ca7d850
 Begin Bits: [0x00000000129e0000, 0x0000000014978000)
 End Bits:   [0x0000000014978000, 0x0000000016910000)

Polling page: 0x0000000001090000

CodeCache: size=245760Kb used=1791Kb max_used=1794Kb free=243968Kb
 bounds [0x0000000002b70000, 0x0000000002de0000, 0x0000000011b70000]
 total_blobs=542 nmethods=266 adapters=189
 compilation: enabled

Compilation events (10 events):
Event: 0.575 Thread 0x00000000176b7000 nmethod 262 0x0000000002d2d5d0 code [0x0000000002d2d740, 0x0000000002d2daf0]
Event: 0.577 Thread 0x00000000176b7000  263       3       java.util.jar.Attributes::getValue (9 bytes)
Event: 0.578 Thread 0x00000000176b7000 nmethod 263 0x0000000002d2dc10 code [0x0000000002d2dd80, 0x0000000002d2e0e8]
Event: 0.578 Thread 0x00000000176b7000  265   !   3       java.util.zip.InflaterInputStream::read (138 bytes)
Event: 0.579 Thread 0x00000000176ae800  266  s!   4       sun.misc.URLClassPath::getLoader (243 bytes)
Event: 0.579 Thread 0x00000000176b3000 nmethod 255 0x0000000002d31110 code [0x0000000002d31260, 0x0000000002d31558]
Event: 0.579 Thread 0x00000000176b7000 nmethod 265 0x0000000002d2f550 code [0x0000000002d2f7c0, 0x0000000002d30868]
Event: 0.579 Thread 0x00000000176b7000  264       3       java.util.jar.Attributes::get (11 bytes)
Event: 0.579 Thread 0x00000000176b7000 nmethod 264 0x0000000002d2ed50 code [0x0000000002d2eec0, 0x0000000002d2f0e8]
Event: 0.580 Thread 0x00000000176b3000  268  s    4       sun.misc.URLClassPath::getNextLoader (88 bytes)

GC Heap History (0 events):
No events

Deoptimization events (1 events):
Event: 0.493 Thread 0x00000000029a2800 Uncommon trap: reason=unstable_if action=reinterpret pc=0x0000000002cc3a58 method=java.lang.String.indexOf([CII[CIII)I @ 123

Internal exceptions (6 events):
Event: 0.064 Thread 0x00000000029a2800 Exception <a 'java/lang/NoSuchMethodError': Method sun.misc.Unsafe.defineClass(Ljava/lang/String;[BII)Ljava/lang/Class; name or signature does not match> (0x00000000d5e07ca8) thrown at [C:\re\workspace\8-2-build-windows-amd64-cygwin\jdk8u144\9417\hotspot\
Event: 0.064 Thread 0x00000000029a2800 Exception <a 'java/lang/NoSuchMethodError': Method sun.misc.Unsafe.prefetchRead(Ljava/lang/Object;J)V name or signature does not match> (0x00000000d5e07f90) thrown at [C:\re\workspace\8-2-build-windows-amd64-cygwin\jdk8u144\9417\hotspot\src\share\vm\prims
Event: 0.496 Thread 0x00000000029a2800 Exception <a 'java/security/PrivilegedActionException'> (0x00000000d6312e60) thrown at [C:\re\workspace\8-2-build-windows-amd64-cygwin\jdk8u144\9417\hotspot\src\share\vm\prims\jvm.cpp, line 1390]
Event: 0.496 Thread 0x00000000029a2800 Exception <a 'java/security/PrivilegedActionException'> (0x00000000d6313258) thrown at [C:\re\workspace\8-2-build-windows-amd64-cygwin\jdk8u144\9417\hotspot\src\share\vm\prims\jvm.cpp, line 1390]
Event: 0.496 Thread 0x00000000029a2800 Exception <a 'java/security/PrivilegedActionException'> (0x00000000d6316048) thrown at [C:\re\workspace\8-2-build-windows-amd64-cygwin\jdk8u144\9417\hotspot\src\share\vm\prims\jvm.cpp, line 1390]
Event: 0.496 Thread 0x00000000029a2800 Exception <a 'java/security/PrivilegedActionException'> (0x00000000d6316440) thrown at [C:\re\workspace\8-2-build-windows-amd64-cygwin\jdk8u144\9417\hotspot\src\share\vm\prims\jvm.cpp, line 1390]

Events (10 events):
Event: 0.582 loading class org/openqa/selenium/HasCapabilities
Event: 0.582 loading class org/openqa/selenium/HasCapabilities done
Event: 0.583 loading class org/openqa/selenium/interactions/Interactive
Event: 0.583 loading class org/openqa/selenium/interactions/Interactive done
Event: 0.583 Thread 0x00000000029a2800 DEOPT PACKING pc=0x0000000002d11536 sp=0x00000000011a7620
Event: 0.583 Thread 0x00000000029a2800 DEOPT UNPACKING pc=0x0000000002bb787f sp=0x00000000011a72f8 mode 0
Event: 0.584 loading class org/openqa/selenium/TakesScreenshot
Event: 0.584 loading class org/openqa/selenium/TakesScreenshot done
Event: 0.585 loading class org/openqa/selenium/remote/CommandExecutor
Event: 0.585 loading class org/openqa/selenium/remote/CommandExecutor done


Dynamic libraries:
0x00007ff79e7d0000 - 0x00007ff79e807000 	C:\FORMATION\jdk1.8.0_144\bin\javaw.exe
0x00007fff1ae20000 - 0x00007fff1affb000 	C:\windows\SYSTEM32\ntdll.dll
0x00007fff1a790000 - 0x00007fff1a83e000 	C:\windows\System32\KERNEL32.DLL
0x00007fff18130000 - 0x00007fff18379000 	C:\windows\System32\KERNELBASE.dll
0x00007fff1a6b0000 - 0x00007fff1a751000 	C:\windows\System32\ADVAPI32.dll
0x00007fff18e20000 - 0x00007fff18ebd000 	C:\windows\System32\msvcrt.dll
0x00007fff18b70000 - 0x00007fff18bc9000 	C:\windows\System32\sechost.dll
0x00007fff18530000 - 0x00007fff18655000 	C:\windows\System32\RPCRT4.dll
0x00007fff1a840000 - 0x00007fff1a98a000 	C:\windows\System32\USER32.dll
0x00007fff17d60000 - 0x00007fff17d7e000 	C:\windows\System32\win32u.dll
0x00007fff1aaa0000 - 0x00007fff1aac7000 	C:\windows\System32\GDI32.dll
0x00007fff17fa0000 - 0x00007fff18127000 	C:\windows\System32\gdi32full.dll
0x00007fff17560000 - 0x00007fff175fa000 	C:\windows\System32\msvcp_win.dll
0x00007fff17340000 - 0x00007fff17436000 	C:\windows\System32\ucrtbase.dll
0x00007fff0ca70000 - 0x00007fff0ccd7000 	C:\windows\WinSxS\amd64_microsoft.windows.common-controls_6595b64144ccf1df_6.0.15063.483_none_26002d27e7c744a2\COMCTL32.dll
0x00007fff18ec0000 - 0x00007fff191b9000 	C:\windows\System32\combase.dll
0x00007fff174f0000 - 0x00007fff1755a000 	C:\windows\System32\bcryptPrimitives.dll
0x00007fff18b40000 - 0x00007fff18b6d000 	C:\windows\System32\IMM32.DLL
0x000000006cb00000 - 0x000000006cbd2000 	C:\FORMATION\jdk1.8.0_144\jre\bin\msvcr100.dll
0x000000006c260000 - 0x000000006cafd000 	C:\FORMATION\jdk1.8.0_144\jre\bin\server\jvm.dll
0x00007fff1acd0000 - 0x00007fff1acd8000 	C:\windows\System32\PSAPI.DLL
0x00007fff14f20000 - 0x00007fff14f29000 	C:\windows\SYSTEM32\WSOCK32.dll
0x00007fff158b0000 - 0x00007fff158d3000 	C:\windows\SYSTEM32\WINMM.dll
0x00007fff18db0000 - 0x00007fff18e1c000 	C:\windows\System32\WS2_32.dll
0x00007fff09fd0000 - 0x00007fff09fda000 	C:\windows\SYSTEM32\VERSION.dll
0x00007fff15880000 - 0x00007fff158ab000 	C:\windows\SYSTEM32\winmmbase.dll
0x00007fff17f50000 - 0x00007fff17f99000 	C:\windows\System32\cfgmgr32.dll
0x000000006cd00000 - 0x000000006cd0f000 	C:\FORMATION\jdk1.8.0_144\jre\bin\verify.dll
0x000000006c230000 - 0x000000006c259000 	C:\FORMATION\jdk1.8.0_144\jre\bin\java.dll
0x000000006c1e0000 - 0x000000006c1f6000 	C:\FORMATION\jdk1.8.0_144\jre\bin\zip.dll
0x00007fff191c0000 - 0x00007fff1a5f7000 	C:\windows\System32\SHELL32.dll
0x00007fff1a600000 - 0x00007fff1a6aa000 	C:\windows\System32\shcore.dll
0x00007fff17660000 - 0x00007fff17d51000 	C:\windows\System32\windows.storage.dll
0x00007fff18d50000 - 0x00007fff18da1000 	C:\windows\System32\shlwapi.dll
0x00007fff17320000 - 0x00007fff17331000 	C:\windows\System32\kernel.appcore.dll
0x00007fff17290000 - 0x00007fff172dc000 	C:\windows\System32\powrprof.dll
0x00007fff17300000 - 0x00007fff17315000 	C:\windows\System32\profapi.dll
0x000000006c1c0000 - 0x000000006c1da000 	C:\FORMATION\jdk1.8.0_144\jre\bin\net.dll
0x00007fff16b40000 - 0x00007fff16b9c000 	C:\windows\system32\mswsock.dll

VM Arguments:
jvm_args: -ea -Dfile.encoding=Cp1252 
java_command: org.eclipse.jdt.internal.junit.runner.RemoteTestRunner -version 3 -port 63626 -testLoaderClass org.eclipse.jdt.internal.junit4.runner.JUnit4TestLoader -loaderpluginname org.eclipse.jdt.junit4.runtime -classNames scripts.JpetstoreTest
java_class_path (initial): C:\FORMATION\jdk1.8.0_144\jre\lib\resources.jar;C:\FORMATION\jdk1.8.0_144\jre\lib\rt.jar;C:\FORMATION\jdk1.8.0_144\jre\lib\jsse.jar;C:\FORMATION\jdk1.8.0_144\jre\lib\jce.jar;C:\FORMATION\jdk1.8.0_144\jre\lib\charsets.jar;C:\FORMATION\jdk1.8.0_144\jre\lib\jfr.jar;C:\FORMATION\jdk1.8.0_144\jre\lib\ext\access-bridge-64.jar;C:\FORMATION\jdk1.8.0_144\jre\lib\ext\cldrdata.jar;C:\FORMATION\jdk1.8.0_144\jre\lib\ext\dnsns.jar;C:\FORMATION\jdk1.8.0_144\jre\lib\ext\jaccess.jar;C:\FORMATION\jdk1.8.0_144\jre\lib\ext\jfxrt.jar;C:\FORMATION\jdk1.8.0_144\jre\lib\ext\localedata.jar;C:\FORMATION\jdk1.8.0_144\jre\lib\ext\nashorn.jar;C:\FORMATION\jdk1.8.0_144\jre\lib\ext\sunec.jar;C:\FORMATION\jdk1.8.0_144\jre\lib\ext\sunjce_provider.jar;C:\FORMATION\jdk1.8.0_144\jre\lib\ext\sunmscapi.jar;C:\FORMATION\jdk1.8.0_144\jre\lib\ext\sunpkcs11.jar;C:\FORMATION\jdk1.8.0_144\jre\lib\ext\zipfs.jar;C:\Users\Formation\eclipse-workspace\JJProject\target\test-classes;C:\Users\Formation\eclipse-workspace\JJProject\target\classes;C:\Users\Formation\.m2\repository\junit\junit\4.12\junit-4.12.jar;C:\Users\Formation\.m2\repository\org\hamcrest\hamcrest-core\1.3\hamcrest-core-1.3.jar;C:\Users\Formation\.m2\repository\org\seleniumhq\selenium\selenium-java\3.8.1\selenium-java-3.8.1.jar;C:\Users\Formation\.m2\repository\org\seleniumhq\selenium\selenium-api\3.8.1\selenium-api-3.8.1.jar;C:\Users\Formation\.m2\repository\org\seleniumhq\selenium\selenium-chrome-driver\3.8.1\selenium-chrome-driver-3.8.1.jar;C:\Users\Formation\.m2\repository\org\seleniumhq\selenium\selenium-edge-driver\3.8.1\selenium-edge-driver-3.8.1.jar;C:\Users\Formation\.m2\repository\org\seleniumhq\selenium\selenium-firefox-driver\3.8.1\selenium-firefox-driver-3.8.1.jar;C:\Users\Formation\.m2\repository\org\seleniumhq\selenium\selenium-ie-driver\3.8.1\selenium-ie-driver-3.8.1.jar;C:\Users\Formation\.m2\repository\org\seleniumhq\selenium\selenium-opera-driver\3.8.1\selenium-opera-driver-3.8.1.jar;C:\Users\Formation\
Launcher Type: SUN_STANDARD

Environment Variables:
JAVA_HOME=C:\FORMATION\jdk1.8.0_144
CLASSPATH=.;
PATH=C:/Program Files/Java/jre1.8.0_162/bin/server;C:/Program Files/Java/jre1.8.0_162/bin;C:/Program Files/Java/jre1.8.0_162/lib/amd64;C:\ProgramData\Oracle\Java\javapath;C:\windows\system32;C:\windows;C:\windows\System32\Wbem;C:\windows\System32\WindowsPowerShell\v1.0\;C:\ProgramData\chocolatey\bin;C:\FORMATION\apache-maven-3.5.0\bin;C:\FORMATION\jdk1.8.0_144\bin;C:\FORMATION\jdk1.7.0_80\bin;C:\Program Files\nodejs\;C:\Program Files\Git\cmd;C:\Users\Formation\AppData\Local\Microsoft\WindowsApps;C:\tools\mysql\current\bin;C:\Program Files\Oracle\VirtualBox;C:\Users\Formation\AppData\Roaming\npm;C:\windows\system32;
USERNAME=Formation
OS=Windows_NT
PROCESSOR_IDENTIFIER=Intel64 Family 6 Model 142 Stepping 9, GenuineIntel



---------------  S Y S T E M  ---------------

OS: Windows 10.0 , 64 bit Build 15063 (10.0.15063.296)

CPU:total 4 (initial active 4) (2 cores per cpu, 2 threads per core) family 6 model 142 stepping 9, cmov, cx8, fxsr, mmx, sse, sse2, sse3, ssse3, sse4.1, sse4.2, popcnt, avx, avx2, aes, clmul, erms, 3dnowpref, lzcnt, ht, tsc, tscinvbit, bmi1, bmi2, adx

Memory: 4k page, physical 8280508k(3336068k free), swap 9329084k(4388k free)

vm_info: Java HotSpot(TM) 64-Bit Server VM (25.144-b01) for windows-amd64 JRE (1.8.0_144-b01), built on Jul 21 2017 21:57:33 by "java_re" with MS VC++ 10.0 (VS2010)

time: Tue Feb 13 15:18:41 2018
elapsed time: 0 seconds (0d 0h 0m 0s)

